<?xml version="1.0" encoding="UTF-8"?>
<!-- Generated by org.testng.reporters.JUnitReportReporter -->
<testsuite hostname="DESKTOP-GQ18F8Q" failures="0" tests="4" name="testNgAnnotation.AnnotationClass" time="0.112" errors="0" timestamp="2023-12-01T21:22:26 IST" skipped="0">
  <testcase classname="testNgAnnotation.AnnotationClass" name="test2" time="0.026">
    <system-out>
      <![CDATA[Test2 Annotation]]>
    </system-out>
  </testcase> <!-- test2 -->
  <testcase classname="testNgAnnotation.AnnotationClass" name="test4" time="0.025">
    <system-out>
      <![CDATA[Test4 Annotation]]>
    </system-out>
  </testcase> <!-- test4 -->
  <testcase classname="testNgAnnotation.AnnotationClass" name="annotation_test_method" time="0.030">
    <system-out>
      <![CDATA[Test Annotation]]>
    </system-out>
  </testcase> <!-- annotation_test_method -->
  <testcase classname="testNgAnnotation.AnnotationClass" name="test3" time="0.031">
    <system-out>
      <![CDATA[Test3 Annotation]]>
    </system-out>
  </testcase> <!-- test3 -->
  <system-out>
    <![CDATA[BeforeSuite Annotation
BeforeTest Annotation
beforeclass annotation
beforemethod annotation
Test Annotation
aftermethod annotation
beforemethod annotation
Test2 Annotation
aftermethod annotation
beforemethod annotation
Test3 Annotation
aftermethod annotation
beforemethod annotation
Test4 Annotation
aftermethod annotation
afterclass annotation
AfterTest Annotation
AfterSuite Annotation]]>
  </system-out>
</testsuite> <!-- testNgAnnotation.AnnotationClass -->
