<?xml version="1.0" encoding="UTF-8"?>
<!-- Generated by org.testng.reporters.JUnitReportReporter -->
<testsuite hostname="DESKTOP-GQ18F8Q" failures="0" tests="6" name="testNgAnnotation.Flag4" time="0.139" errors="0" timestamp="2023-12-02T22:33:12 IST" skipped="0">
  <testcase classname="testNgAnnotation.Flag4" name="s" time="0.011">
    <system-out>
      <![CDATA[s]]>
    </system-out>
  </testcase> <!-- s -->
  <testcase classname="testNgAnnotation.Flag4" name="k" time="0.073">
    <system-out>
      <![CDATA[k]]>
    </system-out>
  </testcase> <!-- k -->
  <testcase classname="testNgAnnotation.Flag4" name="a" time="0.014">
    <system-out>
      <![CDATA[a]]>
    </system-out>
  </testcase> <!-- a -->
  <testcase classname="testNgAnnotation.Flag4" name="f" time="0.012">
    <system-out>
      <![CDATA[f]]>
    </system-out>
  </testcase> <!-- f -->
  <testcase classname="testNgAnnotation.Flag4" name="p" time="0.015">
    <system-out>
      <![CDATA[p]]>
    </system-out>
  </testcase> <!-- p -->
  <testcase classname="testNgAnnotation.Flag4" name="h" time="0.014">
    <system-out>
      <![CDATA[h]]>
    </system-out>
  </testcase> <!-- h -->
  <system-out>
    <![CDATA[k
s
a
f
p
h]]>
  </system-out>
</testsuite> <!-- testNgAnnotation.Flag4 -->
