<?xml version="1.0" encoding="UTF-8"?>
<!-- Generated by org.testng.reporters.JUnitReportReporter -->
<testsuite hostname="DESKTOP-GQ18F8Q" failures="0" tests="3" name="testNgAnnotation.Flag2" time="0.138" errors="0" timestamp="2023-12-02T22:24:23 IST" skipped="1">
  <testcase classname="testNgAnnotation.Flag2" name="method2" time="0.009">
    <system-out>
      <![CDATA[Method2 For Users Page ]]>
    </system-out>
  </testcase> <!-- method2 -->
  <testcase classname="testNgAnnotation.Flag2" name="method1" time="0.129">
    <system-out>
      <![CDATA[Method1 For Login Page]]>
    </system-out>
  </testcase> <!-- method1 -->
  <testcase classname="testNgAnnotation.Flag2" name="method3">
    <skipped/>
  </testcase> <!-- method3 -->
  <system-out>
    <![CDATA[Method1 For Login Page
Method2 For Users Page ]]>
  </system-out>
</testsuite> <!-- testNgAnnotation.Flag2 -->
