<?xml version="1.0" encoding="UTF-8"?>
<!-- Generated by org.testng.reporters.JUnitReportReporter -->
<testsuite hostname="DESKTOP-GQ18F8Q" failures="0" tests="1" name="testNGPackage.Remo" time="0.008" errors="0" timestamp="2023-11-29T19:46:26 IST" skipped="0">
  <testcase classname="testNGPackage.Remo" name="method2" time="0.008"/>
  <system-out>
    <![CDATA[method1 from demo class!!
method2 from demo class!!]]>
  </system-out>
</testsuite> <!-- testNGPackage.Remo -->
