<?xml version="1.0" encoding="UTF-8"?>
<!-- Generated by org.testng.reporters.JUnitReportReporter -->
<testsuite hostname="DESKTOP-GQ18F8Q" failures="0" tests="2" name="testNGPackage.Demo" time="0.069" errors="0" timestamp="2023-11-29T19:46:26 IST" skipped="0">
  <testcase classname="testNGPackage.Demo" name="method2" time="0.022">
    <system-out>
      <![CDATA[method2 from demo class!!]]>
    </system-out>
  </testcase> <!-- method2 -->
  <testcase classname="testNGPackage.Demo" name="method1" time="0.047">
    <system-out>
      <![CDATA[method1 from demo class!!]]>
    </system-out>
  </testcase> <!-- method1 -->
  <system-out>
    <![CDATA[method1 from demo class!!
method2 from demo class!!]]>
  </system-out>
</testsuite> <!-- testNGPackage.Demo -->
