<?xml version="1.0" encoding="UTF-8"?>
<!-- Generated by org.testng.reporters.JUnitReportReporter -->
<testsuite hostname="DESKTOP-GQ18F8Q" failures="0" tests="18" name="testNgAnnotationandflags.Flag6" time="0.513" errors="0" timestamp="2023-12-04T12:35:22 IST" skipped="0">
  <testcase classname="testNgAnnotationandflags.Flag6" name="st2" time="0.012">
    <system-out>
      <![CDATA[st2]]>
    </system-out>
  </testcase> <!-- st2 -->
  <testcase classname="testNgAnnotationandflags.Flag6" name="st3" time="0.020">
    <system-out>
      <![CDATA[st3]]>
    </system-out>
  </testcase> <!-- st3 -->
  <testcase classname="testNgAnnotationandflags.Flag6" name="st5" time="0.013">
    <system-out>
      <![CDATA[st5]]>
    </system-out>
  </testcase> <!-- st5 -->
  <testcase classname="testNgAnnotationandflags.Flag6" name="it2" time="0.020">
    <system-out>
      <![CDATA[it2]]>
    </system-out>
  </testcase> <!-- it2 -->
  <testcase classname="testNgAnnotationandflags.Flag6" name="ft4" time="0.005">
    <system-out>
      <![CDATA[ft4]]>
    </system-out>
  </testcase> <!-- ft4 -->
  <testcase classname="testNgAnnotationandflags.Flag6" name="it3" time="0.021">
    <system-out>
      <![CDATA[it3]]>
    </system-out>
  </testcase> <!-- it3 -->
  <testcase classname="testNgAnnotationandflags.Flag6" name="st1" time="0.274">
    <system-out>
      <![CDATA[st1]]>
    </system-out>
  </testcase> <!-- st1 -->
  <testcase classname="testNgAnnotationandflags.Flag6" name="it4" time="0.013">
    <system-out>
      <![CDATA[it4]]>
    </system-out>
  </testcase> <!-- it4 -->
  <testcase classname="testNgAnnotationandflags.Flag6" name="ft5" time="0.014">
    <system-out>
      <![CDATA[ft5]]>
    </system-out>
  </testcase> <!-- ft5 -->
  <testcase classname="testNgAnnotationandflags.Flag6" name="ft6" time="0.010">
    <system-out>
      <![CDATA[ft6]]>
    </system-out>
  </testcase> <!-- ft6 -->
  <testcase classname="testNgAnnotationandflags.Flag6" name="it6" time="0.013">
    <system-out>
      <![CDATA[it6]]>
    </system-out>
  </testcase> <!-- it6 -->
  <testcase classname="testNgAnnotationandflags.Flag6" name="ft3" time="0.010">
    <system-out>
      <![CDATA[ft3]]>
    </system-out>
  </testcase> <!-- ft3 -->
  <testcase classname="testNgAnnotationandflags.Flag6" name="ft2" time="0.005">
    <system-out>
      <![CDATA[ft2]]>
    </system-out>
  </testcase> <!-- ft2 -->
  <testcase classname="testNgAnnotationandflags.Flag6" name="it5" time="0.009">
    <system-out>
      <![CDATA[it5]]>
    </system-out>
  </testcase> <!-- it5 -->
  <testcase classname="testNgAnnotationandflags.Flag6" name="st6" time="0.009">
    <system-out>
      <![CDATA[st6]]>
    </system-out>
  </testcase> <!-- st6 -->
  <testcase classname="testNgAnnotationandflags.Flag6" name="ft1" time="0.028">
    <system-out>
      <![CDATA[ft1]]>
    </system-out>
  </testcase> <!-- ft1 -->
  <testcase classname="testNgAnnotationandflags.Flag6" name="st4" time="0.015">
    <system-out>
      <![CDATA[st4]]>
    </system-out>
  </testcase> <!-- st4 -->
  <testcase classname="testNgAnnotationandflags.Flag6" name="it1" time="0.022">
    <system-out>
      <![CDATA[it1]]>
    </system-out>
  </testcase> <!-- it1 -->
  <system-out>
    <![CDATA[ft1
ft2
ft3
ft4
ft5
ft6
it1
it2
it3
it4
it5
it6
st1
st2
st3
st4
st5
st6]]>
  </system-out>
</testsuite> <!-- testNgAnnotationandflags.Flag6 -->
