<?xml version="1.0" encoding="UTF-8"?>
<!-- Generated by org.testng.reporters.JUnitReportReporter -->
<testsuite hostname="DESKTOP-GQ18F8Q" failures="0" tests="2" name="testNGExecution.SelectTest" time="69.514" errors="0" timestamp="2023-12-01T22:46:26 IST" skipped="0">
  <testcase classname="testNGExecution.SelectTest" name="selectTestMethod" time="33.570"/>
  <testcase classname="testNGExecution.SelectTest" name="selectTestMethod" time="35.944"/>
</testsuite> <!-- testNGExecution.SelectTest -->
