<?xml version="1.0" encoding="UTF-8"?>
<!-- Generated by org.testng.reporters.JUnitReportReporter -->
<testsuite hostname="DESKTOP-GQ18F8Q" failures="0" tests="1" name="testNGExecution.SqlTest" time="78.084" errors="0" timestamp="2023-11-30T12:05:56 IST" skipped="0">
  <testcase classname="testNGExecution.SqlTest" name="sql_method" time="78.084"/>
</testsuite> <!-- testNGExecution.SqlTest -->
