<?xml version="1.0" encoding="UTF-8"?>
<!-- Generated by org.testng.reporters.JUnitReportReporter -->
<testsuite hostname="DESKTOP-GQ18F8Q" failures="0" tests="3" name="testNgAnnotation.Flag5" time="0.105" errors="0" timestamp="2023-12-04T11:34:14 IST" skipped="0">
  <testcase classname="testNgAnnotation.Flag5" name="loginMethod" time="0.053">
    <system-out>
      <![CDATA[Method1 For Login Page]]>
    </system-out>
  </testcase> <!-- loginMethod -->
  <testcase classname="testNgAnnotation.Flag5" name="logoutMethod" time="0.034">
    <system-out>
      <![CDATA[Method3 For Logout Page ]]>
    </system-out>
  </testcase> <!-- logoutMethod -->
  <testcase classname="testNgAnnotation.Flag5" name="createUsersMethod" time="0.018">
    <system-out>
      <![CDATA[Method2 For Users Page ]]>
    </system-out>
  </testcase> <!-- createUsersMethod -->
  <system-out>
    <![CDATA[Method1 For Login Page
Method2 For Users Page 
Method3 For Logout Page ]]>
  </system-out>
</testsuite> <!-- testNgAnnotation.Flag5 -->
