<?xml version="1.0" encoding="UTF-8"?>
<!-- Generated by org.testng.reporters.JUnitReportReporter -->
<testsuite hostname="DESKTOP-GQ18F8Q" failures="0" tests="1" name="testNgAnnotation.Flag1" time="0.094" errors="0" timestamp="2023-12-02T22:21:35 IST" skipped="0">
  <testcase classname="testNgAnnotation.Flag1" name="method1" time="0.094">
    <system-out>
      <![CDATA[Method1 from Flag 1]]>
    </system-out>
  </testcase> <!-- method1 -->
  <system-out>
    <![CDATA[Method1 from Flag 1]]>
  </system-out>
</testsuite> <!-- testNgAnnotation.Flag1 -->
