<?xml version="1.0" encoding="UTF-8"?>
<!-- Generated by org.testng.reporters.JUnitReportReporter -->
<testsuite hostname="DESKTOP-GQ18F8Q" failures="0" tests="2" name="testNGExecution.Test3" time="0.150" errors="0" timestamp="2023-11-30T12:13:51 IST" skipped="0">
  <testcase classname="testNGExecution.Test3" name="method1" time="0.125">
    <system-out>
      <![CDATA[method1 from Test3 class!]]>
    </system-out>
  </testcase> <!-- method1 -->
  <testcase classname="testNGExecution.Test3" name="method2" time="0.025">
    <system-out>
      <![CDATA[method2 from Test3 class!!]]>
    </system-out>
  </testcase> <!-- method2 -->
  <system-out>
    <![CDATA[method1 from Test2 class!
method2 from Test1 class!!
method1 from Test3 class!
method2 from Test2 class!!  5
method1 from Test1 class!
method2 from Test3 class!!]]>
  </system-out>
</testsuite> <!-- testNGExecution.Test3 -->
