<?xml version="1.0" encoding="UTF-8"?>
<!-- Generated by org.testng.reporters.JUnitReportReporter -->
<testsuite hostname="DESKTOP-GQ18F8Q" failures="0" tests="2" name="testNGExecution.SeleniumTest" time="260.833" errors="0" timestamp="2023-12-01T22:27:01 IST" skipped="0">
  <testcase classname="testNGExecution.SeleniumTest" name="selenium_method" time="96.139"/>
  <testcase classname="testNGExecution.SeleniumTest" name="selenium_method" time="164.694"/>
</testsuite> <!-- testNGExecution.SeleniumTest -->
