<?xml version="1.0" encoding="UTF-8"?>
<!-- Generated by org.testng.reporters.JUnitReportReporter -->
<testsuite hostname="DESKTOP-GQ18F8Q" failures="0" tests="2" name="testNGExecution.JavaTest" time="103.594" errors="0" timestamp="2023-12-01T22:27:01 IST" skipped="0">
  <testcase classname="testNGExecution.JavaTest" name="java_method" time="68.537"/>
  <testcase classname="testNGExecution.JavaTest" name="java_method" time="35.057"/>
</testsuite> <!-- testNGExecution.JavaTest -->
