<?xml version="1.0" encoding="UTF-8"?>
<!-- Generated by org.testng.reporters.JUnitReportReporter -->
<testsuite hostname="DESKTOP-GQ18F8Q" failures="0" tests="2" name="testNgAnnotation.GogglesearchTest" time="69.134" errors="0" timestamp="2023-12-01T22:19:08 IST" skipped="0">
  <testcase classname="testNgAnnotation.GogglesearchTest" name="search_Java" time="26.957"/>
  <testcase classname="testNgAnnotation.GogglesearchTest" name="search_Selenium" time="42.177"/>
</testsuite> <!-- testNgAnnotation.GogglesearchTest -->
